<?xml version="1.0" encoding="UTF-8"?>
<!-- Generated by org.testng.reporters.JUnitReportReporter -->
<testsuite hostname="LAPTOP-DJ7HS86V" failures="0" tests="1" name="com.test.DemoQA.SetUp" time="7.176" errors="0" timestamp="2023-04-08T16:54:58 EDT" skipped="0">
  <testcase classname="com.test.DemoQA.SetUp" name="Initalization" time="7.176"/>
  <system-out/>
</testsuite> <!-- com.test.DemoQA.SetUp -->
