<?xml version="1.0" encoding="UTF-8"?>
<testsuite xmlns:xsi="http://www.w3.org/2001/XMLSchema-instance" xsi:noNamespaceSchemaLocation="https://maven.apache.org/surefire/maven-surefire-plugin/xsd/surefire-test-report.xsd" name="TestSuite" time="24.748" tests="3" errors="0" skipped="0" failures="1">
  <properties>
    <property name="java.specification.version" value="17"/>
    <property name="sun.cpu.isalist" value="amd64"/>
    <property name="sun.jnu.encoding" value="Cp1252"/>
    <property name="java.class.path" value="C:\Users\beant\OneDrive\Desktop\SeleniumTutorials\MavenPgm\target\test-classes;C:\Users\beant\OneDrive\Desktop\SeleniumTutorials\MavenPgm\target\classes;C:\Users\beant\.m2\repository\junit\junit\4.11\junit-4.11.jar;C:\Users\beant\.m2\repository\org\hamcrest\hamcrest-core\1.3\hamcrest-core-1.3.jar;C:\Users\beant\.m2\repository\org\seleniumhq\selenium\selenium-java\4.8.0\selenium-java-4.8.0.jar;C:\Users\beant\.m2\repository\org\seleniumhq\selenium\selenium-api\4.8.0\selenium-api-4.8.0.jar;C:\Users\beant\.m2\repository\org\seleniumhq\selenium\selenium-chrome-driver\4.8.0\selenium-chrome-driver-4.8.0.jar;C:\Users\beant\.m2\repository\com\google\auto\service\auto-service-annotations\1.0.1\auto-service-annotations-1.0.1.jar;C:\Users\beant\.m2\repository\com\google\auto\service\auto-service\1.0.1\auto-service-1.0.1.jar;C:\Users\beant\.m2\repository\com\google\auto\auto-common\1.2\auto-common-1.2.jar;C:\Users\beant\.m2\repository\com\google\guava\guava\31.1-jre\guava-31.1-jre.jar;C:\Users\beant\.m2\repository\com\google\guava\failureaccess\1.0.1\failureaccess-1.0.1.jar;C:\Users\beant\.m2\repository\com\google\guava\listenablefuture\9999.0-empty-to-avoid-conflict-with-guava\listenablefuture-9999.0-empty-to-avoid-conflict-with-guava.jar;C:\Users\beant\.m2\repository\com\google\code\findbugs\jsr305\3.0.2\jsr305-3.0.2.jar;C:\Users\beant\.m2\repository\org\checkerframework\checker-qual\3.12.0\checker-qual-3.12.0.jar;C:\Users\beant\.m2\repository\com\google\errorprone\error_prone_annotations\2.11.0\error_prone_annotations-2.11.0.jar;C:\Users\beant\.m2\repository\com\google\j2objc\j2objc-annotations\1.3\j2objc-annotations-1.3.jar;C:\Users\beant\.m2\repository\org\seleniumhq\selenium\selenium-chromium-driver\4.8.0\selenium-chromium-driver-4.8.0.jar;C:\Users\beant\.m2\repository\org\seleniumhq\selenium\selenium-json\4.8.0\selenium-json-4.8.0.jar;C:\Users\beant\.m2\repository\org\seleniumhq\selenium\selenium-devtools-v107\4.8.0\selenium-devtools-v107-4.8.0.jar;C:\Users\beant\.m2\repository\org\seleniumhq\selenium\selenium-devtools-v108\4.8.0\selenium-devtools-v108-4.8.0.jar;C:\Users\beant\.m2\repository\org\seleniumhq\selenium\selenium-devtools-v109\4.8.0\selenium-devtools-v109-4.8.0.jar;C:\Users\beant\.m2\repository\org\seleniumhq\selenium\selenium-devtools-v85\4.8.0\selenium-devtools-v85-4.8.0.jar;C:\Users\beant\.m2\repository\org\seleniumhq\selenium\selenium-edge-driver\4.8.0\selenium-edge-driver-4.8.0.jar;C:\Users\beant\.m2\repository\org\seleniumhq\selenium\selenium-firefox-driver\4.8.0\selenium-firefox-driver-4.8.0.jar;C:\Users\beant\.m2\repository\org\seleniumhq\selenium\selenium-http\4.8.0\selenium-http-4.8.0.jar;C:\Users\beant\.m2\repository\dev\failsafe\failsafe\3.3.0\failsafe-3.3.0.jar;C:\Users\beant\.m2\repository\org\seleniumhq\selenium\selenium-ie-driver\4.8.0\selenium-ie-driver-4.8.0.jar;C:\Users\beant\.m2\repository\org\seleniumhq\selenium\selenium-remote-driver\4.8.0\selenium-remote-driver-4.8.0.jar;C:\Users\beant\.m2\repository\io\netty\netty-buffer\4.1.87.Final\netty-buffer-4.1.87.Final.jar;C:\Users\beant\.m2\repository\io\netty\netty-codec-http\4.1.87.Final\netty-codec-http-4.1.87.Final.jar;C:\Users\beant\.m2\repository\io\netty\netty-codec\4.1.87.Final\netty-codec-4.1.87.Final.jar;C:\Users\beant\.m2\repository\io\netty\netty-handler\4.1.87.Final\netty-handler-4.1.87.Final.jar;C:\Users\beant\.m2\repository\io\netty\netty-common\4.1.87.Final\netty-common-4.1.87.Final.jar;C:\Users\beant\.m2\repository\io\netty\netty-transport-classes-epoll\4.1.87.Final\netty-transport-classes-epoll-4.1.87.Final.jar;C:\Users\beant\.m2\repository\io\netty\netty-transport-classes-kqueue\4.1.87.Final\netty-transport-classes-kqueue-4.1.87.Final.jar;C:\Users\beant\.m2\repository\io\netty\netty-transport-native-epoll\4.1.87.Final\netty-transport-native-epoll-4.1.87.Final.jar;C:\Users\beant\.m2\repository\io\netty\netty-transport-native-kqueue\4.1.87.Final\netty-transport-native-kqueue-4.1.87.Final.jar;C:\Users\beant\.m2\repository\io\netty\netty-transport-native-unix-common\4.1.87.Final\netty-transport-native-unix-common-4.1.87.Final.jar;C:\Users\beant\.m2\repository\io\netty\netty-transport\4.1.87.Final\netty-transport-4.1.87.Final.jar;C:\Users\beant\.m2\repository\io\netty\netty-resolver\4.1.87.Final\netty-resolver-4.1.87.Final.jar;C:\Users\beant\.m2\repository\io\opentelemetry\opentelemetry-api\1.22.0\opentelemetry-api-1.22.0.jar;C:\Users\beant\.m2\repository\io\opentelemetry\opentelemetry-context\1.22.0\opentelemetry-context-1.22.0.jar;C:\Users\beant\.m2\repository\io\opentelemetry\opentelemetry-exporter-logging\1.22.0\opentelemetry-exporter-logging-1.22.0.jar;C:\Users\beant\.m2\repository\io\opentelemetry\opentelemetry-sdk-metrics\1.22.0\opentelemetry-sdk-metrics-1.22.0.jar;C:\Users\beant\.m2\repository\io\opentelemetry\opentelemetry-sdk-logs\1.22.0-alpha\opentelemetry-sdk-logs-1.22.0-alpha.jar;C:\Users\beant\.m2\repository\io\opentelemetry\opentelemetry-api-logs\1.22.0-alpha\opentelemetry-api-logs-1.22.0-alpha.jar;C:\Users\beant\.m2\repository\io\opentelemetry\opentelemetry-sdk-common\1.22.0\opentelemetry-sdk-common-1.22.0.jar;C:\Users\beant\.m2\repository\io\opentelemetry\opentelemetry-sdk-extension-autoconfigure-spi\1.22.0\opentelemetry-sdk-extension-autoconfigure-spi-1.22.0.jar;C:\Users\beant\.m2\repository\io\opentelemetry\opentelemetry-sdk-extension-autoconfigure\1.22.0-alpha\opentelemetry-sdk-extension-autoconfigure-1.22.0-alpha.jar;C:\Users\beant\.m2\repository\io\opentelemetry\opentelemetry-sdk-trace\1.22.0\opentelemetry-sdk-trace-1.22.0.jar;C:\Users\beant\.m2\repository\io\opentelemetry\opentelemetry-sdk\1.22.0\opentelemetry-sdk-1.22.0.jar;C:\Users\beant\.m2\repository\io\opentelemetry\opentelemetry-semconv\1.22.0-alpha\opentelemetry-semconv-1.22.0-alpha.jar;C:\Users\beant\.m2\repository\io\ous\jtoml\2.0.0\jtoml-2.0.0.jar;C:\Users\beant\.m2\repository\net\bytebuddy\byte-buddy\1.12.22\byte-buddy-1.12.22.jar;C:\Users\beant\.m2\repository\org\apache\commons\commons-exec\1.3\commons-exec-1.3.jar;C:\Users\beant\.m2\repository\org\asynchttpclient\async-http-client\2.12.3\async-http-client-2.12.3.jar;C:\Users\beant\.m2\repository\org\asynchttpclient\async-http-client-netty-utils\2.12.3\async-http-client-netty-utils-2.12.3.jar;C:\Users\beant\.m2\repository\io\netty\netty-codec-socks\4.1.60.Final\netty-codec-socks-4.1.60.Final.jar;C:\Users\beant\.m2\repository\io\netty\netty-handler-proxy\4.1.60.Final\netty-handler-proxy-4.1.60.Final.jar;C:\Users\beant\.m2\repository\io\netty\netty-transport-native-epoll\4.1.60.Final\netty-transport-native-epoll-4.1.60.Final-linux-x86_64.jar;C:\Users\beant\.m2\repository\io\netty\netty-transport-native-kqueue\4.1.60.Final\netty-transport-native-kqueue-4.1.60.Final-osx-x86_64.jar;C:\Users\beant\.m2\repository\org\reactivestreams\reactive-streams\1.0.3\reactive-streams-1.0.3.jar;C:\Users\beant\.m2\repository\com\typesafe\netty\netty-reactive-streams\2.0.4\netty-reactive-streams-2.0.4.jar;C:\Users\beant\.m2\repository\com\sun\activation\jakarta.activation\1.2.2\jakarta.activation-1.2.2.jar;C:\Users\beant\.m2\repository\org\seleniumhq\selenium\selenium-manager\4.8.0\selenium-manager-4.8.0.jar;C:\Users\beant\.m2\repository\org\seleniumhq\selenium\selenium-safari-driver\4.8.0\selenium-safari-driver-4.8.0.jar;C:\Users\beant\.m2\repository\org\seleniumhq\selenium\selenium-support\4.8.0\selenium-support-4.8.0.jar;C:\Users\beant\.m2\repository\org\testng\testng\7.7.1\testng-7.7.1.jar;C:\Users\beant\.m2\repository\org\slf4j\slf4j-api\1.7.36\slf4j-api-1.7.36.jar;C:\Users\beant\.m2\repository\com\beust\jcommander\1.82\jcommander-1.82.jar;C:\Users\beant\.m2\repository\org\webjars\jquery\3.6.1\jquery-3.6.1.jar;"/>
    <property name="java.vm.vendor" value="Oracle Corporation"/>
    <property name="sun.arch.data.model" value="64"/>
    <property name="user.variant" value=""/>
    <property name="java.vendor.url" value="https://java.oracle.com/"/>
    <property name="user.timezone" value="America/Toronto"/>
    <property name="os.name" value="Windows 11"/>
    <property name="java.vm.specification.version" value="17"/>
    <property name="sun.java.launcher" value="SUN_STANDARD"/>
    <property name="user.country" value="CA"/>
    <property name="sun.boot.library.path" value="C:\Program Files\Java\jdk-17.0.4\bin"/>
    <property name="sun.java.command" value="C:\Users\beant\AppData\Local\Temp\surefire7751575270755997435\surefirebooter10122728451444355259.jar C:\Users\beant\AppData\Local\Temp\surefire7751575270755997435 2023-02-04T16-20-42_107-jvmRun1 surefire11047543397551404506tmp surefire_016252565120021413025tmp"/>
    <property name="jdk.debug" value="release"/>
    <property name="surefire.test.class.path" value="C:\Users\beant\OneDrive\Desktop\SeleniumTutorials\MavenPgm\target\test-classes;C:\Users\beant\OneDrive\Desktop\SeleniumTutorials\MavenPgm\target\classes;C:\Users\beant\.m2\repository\junit\junit\4.11\junit-4.11.jar;C:\Users\beant\.m2\repository\org\hamcrest\hamcrest-core\1.3\hamcrest-core-1.3.jar;C:\Users\beant\.m2\repository\org\seleniumhq\selenium\selenium-java\4.8.0\selenium-java-4.8.0.jar;C:\Users\beant\.m2\repository\org\seleniumhq\selenium\selenium-api\4.8.0\selenium-api-4.8.0.jar;C:\Users\beant\.m2\repository\org\seleniumhq\selenium\selenium-chrome-driver\4.8.0\selenium-chrome-driver-4.8.0.jar;C:\Users\beant\.m2\repository\com\google\auto\service\auto-service-annotations\1.0.1\auto-service-annotations-1.0.1.jar;C:\Users\beant\.m2\repository\com\google\auto\service\auto-service\1.0.1\auto-service-1.0.1.jar;C:\Users\beant\.m2\repository\com\google\auto\auto-common\1.2\auto-common-1.2.jar;C:\Users\beant\.m2\repository\com\google\guava\guava\31.1-jre\guava-31.1-jre.jar;C:\Users\beant\.m2\repository\com\google\guava\failureaccess\1.0.1\failureaccess-1.0.1.jar;C:\Users\beant\.m2\repository\com\google\guava\listenablefuture\9999.0-empty-to-avoid-conflict-with-guava\listenablefuture-9999.0-empty-to-avoid-conflict-with-guava.jar;C:\Users\beant\.m2\repository\com\google\code\findbugs\jsr305\3.0.2\jsr305-3.0.2.jar;C:\Users\beant\.m2\repository\org\checkerframework\checker-qual\3.12.0\checker-qual-3.12.0.jar;C:\Users\beant\.m2\repository\com\google\errorprone\error_prone_annotations\2.11.0\error_prone_annotations-2.11.0.jar;C:\Users\beant\.m2\repository\com\google\j2objc\j2objc-annotations\1.3\j2objc-annotations-1.3.jar;C:\Users\beant\.m2\repository\org\seleniumhq\selenium\selenium-chromium-driver\4.8.0\selenium-chromium-driver-4.8.0.jar;C:\Users\beant\.m2\repository\org\seleniumhq\selenium\selenium-json\4.8.0\selenium-json-4.8.0.jar;C:\Users\beant\.m2\repository\org\seleniumhq\selenium\selenium-devtools-v107\4.8.0\selenium-devtools-v107-4.8.0.jar;C:\Users\beant\.m2\repository\org\seleniumhq\selenium\selenium-devtools-v108\4.8.0\selenium-devtools-v108-4.8.0.jar;C:\Users\beant\.m2\repository\org\seleniumhq\selenium\selenium-devtools-v109\4.8.0\selenium-devtools-v109-4.8.0.jar;C:\Users\beant\.m2\repository\org\seleniumhq\selenium\selenium-devtools-v85\4.8.0\selenium-devtools-v85-4.8.0.jar;C:\Users\beant\.m2\repository\org\seleniumhq\selenium\selenium-edge-driver\4.8.0\selenium-edge-driver-4.8.0.jar;C:\Users\beant\.m2\repository\org\seleniumhq\selenium\selenium-firefox-driver\4.8.0\selenium-firefox-driver-4.8.0.jar;C:\Users\beant\.m2\repository\org\seleniumhq\selenium\selenium-http\4.8.0\selenium-http-4.8.0.jar;C:\Users\beant\.m2\repository\dev\failsafe\failsafe\3.3.0\failsafe-3.3.0.jar;C:\Users\beant\.m2\repository\org\seleniumhq\selenium\selenium-ie-driver\4.8.0\selenium-ie-driver-4.8.0.jar;C:\Users\beant\.m2\repository\org\seleniumhq\selenium\selenium-remote-driver\4.8.0\selenium-remote-driver-4.8.0.jar;C:\Users\beant\.m2\repository\io\netty\netty-buffer\4.1.87.Final\netty-buffer-4.1.87.Final.jar;C:\Users\beant\.m2\repository\io\netty\netty-codec-http\4.1.87.Final\netty-codec-http-4.1.87.Final.jar;C:\Users\beant\.m2\repository\io\netty\netty-codec\4.1.87.Final\netty-codec-4.1.87.Final.jar;C:\Users\beant\.m2\repository\io\netty\netty-handler\4.1.87.Final\netty-handler-4.1.87.Final.jar;C:\Users\beant\.m2\repository\io\netty\netty-common\4.1.87.Final\netty-common-4.1.87.Final.jar;C:\Users\beant\.m2\repository\io\netty\netty-transport-classes-epoll\4.1.87.Final\netty-transport-classes-epoll-4.1.87.Final.jar;C:\Users\beant\.m2\repository\io\netty\netty-transport-classes-kqueue\4.1.87.Final\netty-transport-classes-kqueue-4.1.87.Final.jar;C:\Users\beant\.m2\repository\io\netty\netty-transport-native-epoll\4.1.87.Final\netty-transport-native-epoll-4.1.87.Final.jar;C:\Users\beant\.m2\repository\io\netty\netty-transport-native-kqueue\4.1.87.Final\netty-transport-native-kqueue-4.1.87.Final.jar;C:\Users\beant\.m2\repository\io\netty\netty-transport-native-unix-common\4.1.87.Final\netty-transport-native-unix-common-4.1.87.Final.jar;C:\Users\beant\.m2\repository\io\netty\netty-transport\4.1.87.Final\netty-transport-4.1.87.Final.jar;C:\Users\beant\.m2\repository\io\netty\netty-resolver\4.1.87.Final\netty-resolver-4.1.87.Final.jar;C:\Users\beant\.m2\repository\io\opentelemetry\opentelemetry-api\1.22.0\opentelemetry-api-1.22.0.jar;C:\Users\beant\.m2\repository\io\opentelemetry\opentelemetry-context\1.22.0\opentelemetry-context-1.22.0.jar;C:\Users\beant\.m2\repository\io\opentelemetry\opentelemetry-exporter-logging\1.22.0\opentelemetry-exporter-logging-1.22.0.jar;C:\Users\beant\.m2\repository\io\opentelemetry\opentelemetry-sdk-metrics\1.22.0\opentelemetry-sdk-metrics-1.22.0.jar;C:\Users\beant\.m2\repository\io\opentelemetry\opentelemetry-sdk-logs\1.22.0-alpha\opentelemetry-sdk-logs-1.22.0-alpha.jar;C:\Users\beant\.m2\repository\io\opentelemetry\opentelemetry-api-logs\1.22.0-alpha\opentelemetry-api-logs-1.22.0-alpha.jar;C:\Users\beant\.m2\repository\io\opentelemetry\opentelemetry-sdk-common\1.22.0\opentelemetry-sdk-common-1.22.0.jar;C:\Users\beant\.m2\repository\io\opentelemetry\opentelemetry-sdk-extension-autoconfigure-spi\1.22.0\opentelemetry-sdk-extension-autoconfigure-spi-1.22.0.jar;C:\Users\beant\.m2\repository\io\opentelemetry\opentelemetry-sdk-extension-autoconfigure\1.22.0-alpha\opentelemetry-sdk-extension-autoconfigure-1.22.0-alpha.jar;C:\Users\beant\.m2\repository\io\opentelemetry\opentelemetry-sdk-trace\1.22.0\opentelemetry-sdk-trace-1.22.0.jar;C:\Users\beant\.m2\repository\io\opentelemetry\opentelemetry-sdk\1.22.0\opentelemetry-sdk-1.22.0.jar;C:\Users\beant\.m2\repository\io\opentelemetry\opentelemetry-semconv\1.22.0-alpha\opentelemetry-semconv-1.22.0-alpha.jar;C:\Users\beant\.m2\repository\io\ous\jtoml\2.0.0\jtoml-2.0.0.jar;C:\Users\beant\.m2\repository\net\bytebuddy\byte-buddy\1.12.22\byte-buddy-1.12.22.jar;C:\Users\beant\.m2\repository\org\apache\commons\commons-exec\1.3\commons-exec-1.3.jar;C:\Users\beant\.m2\repository\org\asynchttpclient\async-http-client\2.12.3\async-http-client-2.12.3.jar;C:\Users\beant\.m2\repository\org\asynchttpclient\async-http-client-netty-utils\2.12.3\async-http-client-netty-utils-2.12.3.jar;C:\Users\beant\.m2\repository\io\netty\netty-codec-socks\4.1.60.Final\netty-codec-socks-4.1.60.Final.jar;C:\Users\beant\.m2\repository\io\netty\netty-handler-proxy\4.1.60.Final\netty-handler-proxy-4.1.60.Final.jar;C:\Users\beant\.m2\repository\io\netty\netty-transport-native-epoll\4.1.60.Final\netty-transport-native-epoll-4.1.60.Final-linux-x86_64.jar;C:\Users\beant\.m2\repository\io\netty\netty-transport-native-kqueue\4.1.60.Final\netty-transport-native-kqueue-4.1.60.Final-osx-x86_64.jar;C:\Users\beant\.m2\repository\org\reactivestreams\reactive-streams\1.0.3\reactive-streams-1.0.3.jar;C:\Users\beant\.m2\repository\com\typesafe\netty\netty-reactive-streams\2.0.4\netty-reactive-streams-2.0.4.jar;C:\Users\beant\.m2\repository\com\sun\activation\jakarta.activation\1.2.2\jakarta.activation-1.2.2.jar;C:\Users\beant\.m2\repository\org\seleniumhq\selenium\selenium-manager\4.8.0\selenium-manager-4.8.0.jar;C:\Users\beant\.m2\repository\org\seleniumhq\selenium\selenium-safari-driver\4.8.0\selenium-safari-driver-4.8.0.jar;C:\Users\beant\.m2\repository\org\seleniumhq\selenium\selenium-support\4.8.0\selenium-support-4.8.0.jar;C:\Users\beant\.m2\repository\org\testng\testng\7.7.1\testng-7.7.1.jar;C:\Users\beant\.m2\repository\org\slf4j\slf4j-api\1.7.36\slf4j-api-1.7.36.jar;C:\Users\beant\.m2\repository\com\beust\jcommander\1.82\jcommander-1.82.jar;C:\Users\beant\.m2\repository\org\webjars\jquery\3.6.1\jquery-3.6.1.jar;"/>
    <property name="sun.cpu.endian" value="little"/>
    <property name="user.home" value="C:\Users\beant"/>
    <property name="user.language" value="en"/>
    <property name="java.specification.vendor" value="Oracle Corporation"/>
    <property name="java.version.date" value="2022-07-19"/>
    <property name="java.home" value="C:\Program Files\Java\jdk-17.0.4"/>
    <property name="file.separator" value="\"/>
    <property name="basedir" value="C:\Users\beant\OneDrive\Desktop\SeleniumTutorials\MavenPgm"/>
    <property name="java.vm.compressedOopsMode" value="Zero based"/>
    <property name="line.separator" value="&#10;"/>
    <property name="java.vm.specification.vendor" value="Oracle Corporation"/>
    <property name="java.specification.name" value="Java Platform API Specification"/>
    <property name="surefire.real.class.path" value="C:\Users\beant\AppData\Local\Temp\surefire7751575270755997435\surefirebooter10122728451444355259.jar"/>
    <property name="user.script" value=""/>
    <property name="sun.management.compiler" value="HotSpot 64-Bit Tiered Compilers"/>
    <property name="java.runtime.version" value="17.0.4+11-LTS-179"/>
    <property name="user.name" value="beant"/>
    <property name="path.separator" value=";"/>
    <property name="os.version" value="10.0"/>
    <property name="java.runtime.name" value="Java(TM) SE Runtime Environment"/>
    <property name="file.encoding" value="Cp1252"/>
    <property name="java.vm.name" value="Java HotSpot(TM) 64-Bit Server VM"/>
    <property name="localRepository" value="C:\Users\beant\.m2\repository"/>
    <property name="java.vendor.url.bug" value="https://bugreport.java.com/bugreport/"/>
    <property name="java.io.tmpdir" value="C:\Users\beant\AppData\Local\Temp\"/>
    <property name="java.version" value="17.0.4"/>
    <property name="user.dir" value="C:\Users\beant\OneDrive\Desktop\SeleniumTutorials\MavenPgm"/>
    <property name="os.arch" value="amd64"/>
    <property name="java.vm.specification.name" value="Java Virtual Machine Specification"/>
    <property name="sun.os.patch.level" value=""/>
    <property name="native.encoding" value="Cp1252"/>
    <property name="java.library.path" value="C:\Program Files\Java\jdk-17.0.4\bin;C:\Windows\Sun\Java\bin;C:\Windows\system32;C:\Windows;C:/Program Files/Java/jdk-17.0.4/bin/server;C:/Program Files/Java/jdk-17.0.4/bin;C:\Program Files\Common Files\Oracle\Java\javapath;C:\Windows\system32;C:\Windows;C:\Windows\System32\Wbem;C:\Windows\System32\WindowsPowerShell\v1.0\;C:\Windows\System32\OpenSSH\;C:\Program Files (x86)\NVIDIA Corporation\PhysX\Common;C:\Program Files\NVIDIA Corporation\NVIDIA NvDLISR;C:\Program Files\Java\jdk-17.0.4\bin;C:\Users\beant\AppData\Local\Microsoft\WindowsApps;;C:\Users\beant\OneDrive\Desktop;;."/>
    <property name="java.vm.info" value="mixed mode, sharing"/>
    <property name="java.vendor" value="Oracle Corporation"/>
    <property name="java.vm.version" value="17.0.4+11-LTS-179"/>
    <property name="sun.io.unicode.encoding" value="UnicodeLittle"/>
    <property name="java.class.version" value="61.0"/>
  </properties>
  <testcase name="MouseHovering" classname="com.test.MultiTest" time="2.45">
    <failure message="element not interactable&#10;  (Session info: chrome=109.0.5414.120)&#10;Build info: version: &apos;4.8.0&apos;, revision: &apos;267030adea&apos;&#10;System info: os.name: &apos;Windows 11&apos;, os.arch: &apos;amd64&apos;, os.version: &apos;10.0&apos;, java.version: &apos;17.0.4&apos;&#10;Driver info: org.openqa.selenium.chrome.ChromeDriver&#10;Command: [8a453eae5a5fd2459002dd26c3ed6bc5, clickElement {id=f2606dea-da89-435f-9575-d32738ee0d7b}]&#10;Capabilities {acceptInsecureCerts: false, browserName: chrome, browserVersion: 109.0.5414.120, chrome: {chromedriverVersion: 109.0.5414.74 (e7c5703604da..., userDataDir: C:\Users\beant\AppData\Loca...}, goog:chromeOptions: {debuggerAddress: localhost:50561}, networkConnectionEnabled: false, pageLoadStrategy: normal, platformName: WINDOWS, proxy: Proxy(), se:cdp: ws://localhost:50561/devtoo..., se:cdpVersion: 109.0.5414.120, setWindowRect: true, strictFileInteractability: false, timeouts: {implicit: 0, pageLoad: 300000, script: 30000}, unhandledPromptBehavior: dismiss and notify, webauthn:extension:credBlob: true, webauthn:extension:largeBlob: true, webauthn:virtualAuthenticators: true}&#10;Element: [[ChromeDriver: chrome on WINDOWS (8a453eae5a5fd2459002dd26c3ed6bc5)] -&gt; xpath: //span[text()=&apos;Account&apos;]]&#10;Session ID: 8a453eae5a5fd2459002dd26c3ed6bc5" type="org.openqa.selenium.ElementNotInteractableException">org.openqa.selenium.ElementNotInteractableException: 
element not interactable
  (Session info: chrome=109.0.5414.120)
Build info: version: '4.8.0', revision: '267030adea'
System info: os.name: 'Windows 11', os.arch: 'amd64', os.version: '10.0', java.version: '17.0.4'
Driver info: org.openqa.selenium.chrome.ChromeDriver
Command: [8a453eae5a5fd2459002dd26c3ed6bc5, clickElement {id=f2606dea-da89-435f-9575-d32738ee0d7b}]
Capabilities {acceptInsecureCerts: false, browserName: chrome, browserVersion: 109.0.5414.120, chrome: {chromedriverVersion: 109.0.5414.74 (e7c5703604da..., userDataDir: C:\Users\beant\AppData\Loca...}, goog:chromeOptions: {debuggerAddress: localhost:50561}, networkConnectionEnabled: false, pageLoadStrategy: normal, platformName: WINDOWS, proxy: Proxy(), se:cdp: ws://localhost:50561/devtoo..., se:cdpVersion: 109.0.5414.120, setWindowRect: true, strictFileInteractability: false, timeouts: {implicit: 0, pageLoad: 300000, script: 30000}, unhandledPromptBehavior: dismiss and notify, webauthn:extension:credBlob: true, webauthn:extension:largeBlob: true, webauthn:virtualAuthenticators: true}
Element: [[ChromeDriver: chrome on WINDOWS (8a453eae5a5fd2459002dd26c3ed6bc5)] -> xpath: //span[text()='Account']]
Session ID: 8a453eae5a5fd2459002dd26c3ed6bc5
	at com.test.MultiTest.MouseHovering(MultiTest.java:44)
</failure>
    <system-err><![CDATA[SLF4J: Failed to load class "org.slf4j.impl.StaticLoggerBinder".
SLF4J: Defaulting to no-operation (NOP) logger implementation
SLF4J: See http://www.slf4j.org/codes.html#StaticLoggerBinder for further details.
Starting ChromeDriver 109.0.5414.74 (e7c5703604daa9cc128ccf5a5d3e993513758913-refs/branch-heads/5414@{#1172}) on port 49001
Only local connections are allowed.
Please see https://chromedriver.chromium.org/security-considerations for suggestions on keeping ChromeDriver safe.
ChromeDriver was started successfully.
]]></system-err>
  </testcase>
  <testcase name="AdvanceDropDown" classname="com.test.MultiTest" time="4.114"/>
  <testcase name="Frame" classname="com.test.FrameHandling" time="11.188"/>
</testsuite>