<?xml version="1.0" encoding="UTF-8"?>
<!-- Generated by org.testng.reporters.JUnitReportReporter -->
<testsuite hostname="LAPTOP-DJ7HS86V" failures="0" tests="1" name="com.test.FrameHandling" time="11.188" errors="0" timestamp="2023-02-04T16:21:08 EST" skipped="0">
  <testcase classname="com.test.FrameHandling" name="Frame" time="11.188"/>
  <system-out/>
</testsuite> <!-- com.test.FrameHandling -->
