<?xml version="1.0" encoding="UTF-8"?>
<!-- Generated by org.testng.reporters.JUnitReportReporter -->
<testsuite hostname="LAPTOP-DJ7HS86V" failures="0" tests="1" name="com.test.FrameHandling" time="13.073" errors="0" timestamp="2023-02-04T15:37:18 EST" skipped="0">
  <testcase classname="com.test.FrameHandling" name="Frame" time="13.073"/>
  <system-out/>
</testsuite> <!-- com.test.FrameHandling -->
