<?xml version="1.0" encoding="UTF-8"?>
<!-- Generated by org.testng.reporters.JUnitReportReporter -->
<testsuite hostname="LAPTOP-DJ7HS86V" failures="0" tests="2" name="com.test.MultiTest" time="6.610" errors="0" timestamp="2023-02-04T15:37:18 EST" skipped="0">
  <testcase classname="com.test.MultiTest" name="MouseHovering" time="2.909"/>
  <system-out/>
  <testcase classname="com.test.MultiTest" name="AdvanceDropDown" time="3.701"/>
  <system-out/>
</testsuite> <!-- com.test.MultiTest -->
